<?xml version="1.0" encoding="utf-8"?><testsuites name="pytest tests"><testsuite name="pytest" errors="0" failures="0" skipped="0" tests="15" time="2.589" timestamp="2026-08-26T13:04:35.857712+00:00" hostname="agent-env-1a8189a9-eb96-412b-9f92-8fabbe939b2e"><testcase classname="tests.backend_test" name="test_config_voicelive_unconfigured" time="0.471" /><testcase classname="tests.backend_test" name="test_legacy_avatar_endpoints_removed" time="0.181" /><testcase classname="tests.backend_test" name="test_voice_ws_graceful_error" time="0.404" /><testcase classname="tests.backend_test" name="test_orders_default" time="0.098" /><testcase classname="tests.backend_test" name="test_orders_page_change" time="0.192" /><testcase classname="tests.backend_test" name="test_orders_filter_status_delivered" time="0.100" /><testcase classname="tests.backend_test" name="test_orders_filter_priority_high" time="0.095" /><testcase classname="tests.backend_test" name="test_orders_filter_paid_only" time="0.089" /><testcase classname="tests.backend_test" name="test_orders_filter_q" time="0.087" /><testcase classname="tests.backend_test" name="test_orders_date_range_empty" time="0.081" /><testcase classname="tests.backend_test" name="test_items_default" time="0.086" /><testcase classname="tests.backend_test" name="test_items_filter_electronics" time="0.095" /><testcase classname="tests.backend_test" name="test_items_filter_condition_new" time="0.089" /><testcase classname="tests.backend_test" name="test_items_in_stock_only" time="0.089" /><testcase classname="tests.backend_test" name="test_items_q_sku" time="0.086" /></testsuite></testsuites>