<?xml version="1.0" encoding="utf-8"?><testsuites name="pytest tests"><testsuite name="pytest" errors="0" failures="0" skipped="0" tests="15" time="2.690" timestamp="2026-08-26T13:18:31.801394+00:00" hostname="agent-env-1a8189a9-eb96-412b-9f92-8fabbe939b2e"><testcase classname="tests.backend_test" name="test_config_voicelive_unconfigured" time="0.460" /><testcase classname="tests.backend_test" name="test_legacy_avatar_endpoints_removed" time="0.211" /><testcase classname="tests.backend_test" name="test_voice_ws_graceful_error" time="0.334" /><testcase classname="tests.backend_test" name="test_orders_default" time="0.103" /><testcase classname="tests.backend_test" name="test_orders_page_change" time="0.213" /><testcase classname="tests.backend_test" name="test_orders_filter_status_delivered" time="0.102" /><testcase classname="tests.backend_test" name="test_orders_filter_priority_high" time="0.106" /><testcase classname="tests.backend_test" name="test_orders_filter_paid_only" time="0.107" /><testcase classname="tests.backend_test" name="test_orders_filter_q" time="0.095" /><testcase classname="tests.backend_test" name="test_orders_date_range_empty" time="0.088" /><testcase classname="tests.backend_test" name="test_items_default" time="0.106" /><testcase classname="tests.backend_test" name="test_items_filter_electronics" time="0.100" /><testcase classname="tests.backend_test" name="test_items_filter_condition_new" time="0.110" /><testcase classname="tests.backend_test" name="test_items_in_stock_only" time="0.104" /><testcase classname="tests.backend_test" name="test_items_q_sku" time="0.104" /></testsuite></testsuites>